Arguments: 
  /Users/umit/.nvm/versions/node/v20.1.0/bin/node /usr/local/Cellar/yarn/1.22.19/libexec/bin/yarn.js add -D svelte-language-server

PATH: 
  /Users/umit/Library/pnpm:/usr/local/opt/ruby/bin:/Users/umit/.nvm/versions/node/v20.1.0/bin:/Users/umit/bin:/usr/local/bin:/opt/local/bin:/opt/local/sbin:/usr/local/bin:/usr/bin:/bin:/usr/sbin:/sbin:/usr/local/share/dotnet:/opt/X11/bin:~/.dotnet/tools:/Library/Apple/usr/bin:/Library/Frameworks/Mono.framework/Versions/Current/Commands:/Applications/Wireshark.app/Contents/MacOS:/usr/local/opt/ruby/bin:/Users/umit/.nvm/versions/node/v20.1.0/bin:/Users/umit/bin:/opt/local/bin:/opt/local/sbin:/Users/umit/flutter/bin:/usr/local/opt/fzf/bin:/Users/umit/.rvm/bin:/Users/umit/.cargo/bin://flutter/bin:/Users/umit/flutter/bin:/Users/umit/.rvm/bin:/Users/umit/.cargo/bin:/Users/umit/Desktop/Github Test/Node Projects/svelte-prisma-pinterest/flutter/bin

Yarn version: 
  1.22.19

Node version: 
  20.1.0

Platform: 
  darwin x64

Trace: 
  Error: ENOENT: no such file or directory, copyfile '/Users/umit/Library/Caches/Yarn/v6/npm-estraverse-4.3.0-398ad3f3c5a24948be7725e83d11a7de28cdbd1d-integrity/node_modules/estraverse/README.md' -> '/Users/umit/Desktop/Github Test/Node Projects/svelte-prisma-pinterest/pin-list/node_modules/@typescript-eslint/utils/node_modules/estraverse/README.md'

npm manifest: 
  {
  	"name": "pin-list",
  	"version": "0.0.1",
  	"private": true,
  	"scripts": {
  		"dev": "vite dev",
  		"build": "vite build",
  		"preview": "vite preview",
  		"test": "playwright test",
  		"check": "svelte-kit sync && svelte-check --tsconfig ./tsconfig.json",
  		"check:watch": "svelte-kit sync && svelte-check --tsconfig ./tsconfig.json --watch",
  		"lint": "prettier --plugin-search-dir . --check . && eslint .",
  		"format": "prettier --plugin-search-dir . --write ."
  	},
  	"devDependencies": {
  		"@playwright/test": "^1.28.1",
  		"@sveltejs/adapter-auto": "^2.0.0",
  		"@sveltejs/kit": "^1.20.4",
  		"@typescript-eslint/eslint-plugin": "^5.45.0",
  		"@typescript-eslint/parser": "^5.45.0",
  		"eslint": "^8.28.0",
  		"eslint-config-prettier": "^8.5.0",
  		"eslint-plugin-svelte": "^2.30.0",
  		"prettier": "^2.8.0",
  		"prettier-plugin-svelte": "^2.10.1",
  		"svelte": "^4.0.5",
  		"svelte-check": "^3.4.3",
  		"tslib": "^2.4.1",
  		"typescript": "^5.0.0",
  		"vite": "^4.4.2"
  	},
  	"type": "module"
  }

yarn manifest: 
  No manifest

Lockfile: 
  No lockfile
